\BOOKMARK [0][-]{chapter*.1}{Contents}{}% 1
\BOOKMARK [0][-]{chapter*.2}{List of Figures}{}% 2
\BOOKMARK [0][-]{chapter*.3}{List of Tables}{}% 3
\BOOKMARK [0][-]{chapter.1}{Introduction}{}% 4
\BOOKMARK [1][-]{section.1.1}{xyz}{chapter.1}% 5
\BOOKMARK [0][-]{chapter.2}{Data and Processing Volume Estimates}{}% 6
\BOOKMARK [1][-]{section.2.1}{xyz}{chapter.2}% 7
\BOOKMARK [0][-]{chapter.3}{Data Management}{}% 8
\BOOKMARK [1][-]{section.3.1}{xyz}{chapter.3}% 9
\BOOKMARK [0][-]{chapter.4}{Databases}{}% 10
\BOOKMARK [1][-]{section.4.1}{xyz}{chapter.4}% 11
\BOOKMARK [0][-]{chapter.5}{Production Systems}{}% 12
\BOOKMARK [1][-]{section.5.1}{xyz}{chapter.5}% 13
\BOOKMARK [0][-]{chapter.6}{Networking}{}% 14
\BOOKMARK [1][-]{section.6.1}{xyz}{chapter.6}% 15
\BOOKMARK [0][-]{chapter.7}{Frameworks}{}% 16
\BOOKMARK [1][-]{section.7.1}{xyz}{chapter.7}% 17
\BOOKMARK [0][-]{chapter.8}{Code Management}{}% 18
\BOOKMARK [1][-]{section.8.1}{xyz}{chapter.8}% 19
\BOOKMARK [0][-]{chapter.9}{Training and Documentation}{}% 20
\BOOKMARK [1][-]{section.9.1}{xyz}{chapter.9}% 21
\BOOKMARK [0][-]{chapter.10}{Computing Contributions Board}{}% 22
\BOOKMARK [1][-]{section.10.1}{xyz}{chapter.10}% 23
\BOOKMARK [0][-]{chapter.11}{Consortium Organization}{}% 24
\BOOKMARK [1][-]{section.11.1}{xyz}{chapter.11}% 25
\BOOKMARK [0][-]{chapter.12}{Monitoring}{}% 26
\BOOKMARK [1][-]{section.12.1}{xyz}{chapter.12}% 27
